{"/Users/teimurgasanov/Projects/sync-query-redux/src/plain-sync/HistoryListener.js": {"path":"/Users/teimurgasanov/Projects/sync-query-redux/src/plain-sync/HistoryListener.js","statementMap":{"0":{"start":{"line":4,"column":32},"end":{"line":7,"column":64}},"1":{"start":{"line":7,"column":5},"end":{"line":7,"column":64}},"2":{"start":{"line":9,"column":34},"end":{"line":12,"column":68}},"3":{"start":{"line":12,"column":5},"end":{"line":12,"column":68}},"4":{"start":{"line":21,"column":4},"end":{"line":21,"column":34}},"5":{"start":{"line":22,"column":4},"end":{"line":22,"column":37}},"6":{"start":{"line":23,"column":4},"end":{"line":23,"column":39}},"7":{"start":{"line":24,"column":4},"end":{"line":24,"column":37}},"8":{"start":{"line":27,"column":42},"end":{"line":44,"column":3}},"9":{"start":{"line":28,"column":4},"end":{"line":28,"column":36}},"10":{"start":{"line":29,"column":30},"end":{"line":29,"column":60}},"11":{"start":{"line":30,"column":4},"end":{"line":41,"column":5}},"12":{"start":{"line":35,"column":6},"end":{"line":35,"column":56}},"13":{"start":{"line":36,"column":11},"end":{"line":41,"column":5}},"14":{"start":{"line":40,"column":6},"end":{"line":40,"column":58}},"15":{"start":{"line":42,"column":4},"end":{"line":42,"column":37}},"16":{"start":{"line":43,"column":4},"end":{"line":43,"column":33}},"17":{"start":{"line":49,"column":4},"end":{"line":49,"column":32}},"18":{"start":{"line":55,"column":4},"end":{"line":55,"column":30}}},"fnMap":{"0":{"name":"(anonymous_0)","decl":{"start":{"line":4,"column":32},"end":{"line":4,"column":33}},"loc":{"start":{"line":7,"column":5},"end":{"line":7,"column":64}},"line":7},"1":{"name":"(anonymous_1)","decl":{"start":{"line":9,"column":34},"end":{"line":9,"column":35}},"loc":{"start":{"line":12,"column":5},"end":{"line":12,"column":68}},"line":12},"2":{"name":"(anonymous_2)","decl":{"start":{"line":20,"column":2},"end":{"line":20,"column":3}},"loc":{"start":{"line":20,"column":16},"end":{"line":25,"column":3}},"line":20},"3":{"name":"(anonymous_3)","decl":{"start":{"line":27,"column":20},"end":{"line":27,"column":21}},"loc":{"start":{"line":27,"column":42},"end":{"line":44,"column":3}},"line":27},"4":{"name":"(anonymous_4)","decl":{"start":{"line":27,"column":42},"end":{"line":27,"column":43}},"loc":{"start":{"line":27,"column":66},"end":{"line":44,"column":3}},"line":27},"5":{"name":"(anonymous_5)","decl":{"start":{"line":46,"column":24},"end":{"line":46,"column":25}},"loc":{"start":{"line":48,"column":7},"end":{"line":50,"column":3}},"line":48},"6":{"name":"(anonymous_6)","decl":{"start":{"line":52,"column":22},"end":{"line":52,"column":23}},"loc":{"start":{"line":54,"column":7},"end":{"line":56,"column":3}},"line":54}},"branchMap":{"0":{"loc":{"start":{"line":7,"column":6},"end":{"line":7,"column":24}},"type":"binary-expr","locations":[{"start":{"line":7,"column":6},"end":{"line":7,"column":18}},{"start":{"line":7,"column":22},"end":{"line":7,"column":24}}],"line":7},"1":{"loc":{"start":{"line":7,"column":38},"end":{"line":7,"column":56}},"type":"binary-expr","locations":[{"start":{"line":7,"column":38},"end":{"line":7,"column":50}},{"start":{"line":7,"column":54},"end":{"line":7,"column":56}}],"line":7},"2":{"loc":{"start":{"line":12,"column":6},"end":{"line":12,"column":24}},"type":"binary-expr","locations":[{"start":{"line":12,"column":6},"end":{"line":12,"column":18}},{"start":{"line":12,"column":22},"end":{"line":12,"column":24}}],"line":12},"3":{"loc":{"start":{"line":12,"column":40},"end":{"line":12,"column":58}},"type":"binary-expr","locations":[{"start":{"line":12,"column":40},"end":{"line":12,"column":52}},{"start":{"line":12,"column":56},"end":{"line":12,"column":58}}],"line":12},"4":{"loc":{"start":{"line":30,"column":4},"end":{"line":41,"column":5}},"type":"if","locations":[{"start":{"line":30,"column":4},"end":{"line":41,"column":5}},{"start":{"line":30,"column":4},"end":{"line":41,"column":5}}],"line":30},"5":{"loc":{"start":{"line":31,"column":6},"end":{"line":33,"column":26}},"type":"binary-expr","locations":[{"start":{"line":31,"column":6},"end":{"line":31,"column":23}},{"start":{"line":32,"column":6},"end":{"line":32,"column":63}},{"start":{"line":33,"column":6},"end":{"line":33,"column":26}}],"line":31},"6":{"loc":{"start":{"line":36,"column":11},"end":{"line":41,"column":5}},"type":"if","locations":[{"start":{"line":36,"column":11},"end":{"line":41,"column":5}},{"start":{"line":36,"column":11},"end":{"line":41,"column":5}}],"line":36},"7":{"loc":{"start":{"line":37,"column":6},"end":{"line":38,"column":28}},"type":"binary-expr","locations":[{"start":{"line":37,"column":6},"end":{"line":37,"column":65}},{"start":{"line":38,"column":6},"end":{"line":38,"column":28}}],"line":37}},"s":{"0":2,"1":6,"2":2,"3":6,"4":3,"5":3,"6":3,"7":3,"8":3,"9":4,"10":4,"11":4,"12":2,"13":2,"14":2,"15":4,"16":4,"17":1,"18":2},"f":{"0":6,"1":6,"2":3,"3":3,"4":4,"5":1,"6":2},"b":{"0":[6,1],"1":[6,2],"2":[6,1],"3":[6,2],"4":[2,2],"5":[4,2,2],"6":[2,0],"7":[2,2]},"_coverageSchema":"332fd63041d2c1bcb487cc26dd0d5f7d97098a6c","hash":"146e0df39079cd4e42e1e8ac4f8265aab7bb80de"}
,"/Users/teimurgasanov/Projects/sync-query-redux/src/plain-sync/Sync.js": {"path":"/Users/teimurgasanov/Projects/sync-query-redux/src/plain-sync/Sync.js","statementMap":{"0":{"start":{"line":16,"column":35},"end":{"line":19,"column":1}},"1":{"start":{"line":17,"column":17},"end":{"line":17,"column":34}},"2":{"start":{"line":18,"column":2},"end":{"line":18,"column":47}},"3":{"start":{"line":30,"column":4},"end":{"line":30,"column":24}},"4":{"start":{"line":31,"column":4},"end":{"line":31,"column":28}},"5":{"start":{"line":32,"column":4},"end":{"line":32,"column":26}},"6":{"start":{"line":33,"column":4},"end":{"line":35,"column":6}},"7":{"start":{"line":39,"column":4},"end":{"line":39,"column":36}},"8":{"start":{"line":40,"column":4},"end":{"line":40,"column":9}},"9":{"start":{"line":41,"column":4},"end":{"line":41,"column":37}},"10":{"start":{"line":45,"column":4},"end":{"line":47,"column":5}},"11":{"start":{"line":46,"column":6},"end":{"line":46,"column":13}},"12":{"start":{"line":48,"column":21},"end":{"line":48,"column":74}},"13":{"start":{"line":49,"column":4},"end":{"line":51,"column":6}},"14":{"start":{"line":50,"column":6},"end":{"line":50,"column":64}},"15":{"start":{"line":55,"column":4},"end":{"line":55,"column":63}},"16":{"start":{"line":59,"column":6},"end":{"line":59,"column":63}},"17":{"start":{"line":60,"column":4},"end":{"line":62,"column":5}},"18":{"start":{"line":61,"column":6},"end":{"line":61,"column":13}},"19":{"start":{"line":64,"column":23},"end":{"line":64,"column":68}},"20":{"start":{"line":65,"column":19},"end":{"line":65,"column":50}},"21":{"start":{"line":66,"column":4},"end":{"line":68,"column":5}},"22":{"start":{"line":67,"column":6},"end":{"line":67,"column":13}},"23":{"start":{"line":69,"column":17},"end":{"line":71,"column":26}},"24":{"start":{"line":72,"column":4},"end":{"line":77,"column":6}},"25":{"start":{"line":73,"column":6},"end":{"line":76,"column":8}},"26":{"start":{"line":81,"column":28},"end":{"line":81,"column":49}},"27":{"start":{"line":82,"column":4},"end":{"line":82,"column":60}},"28":{"start":{"line":83,"column":33},"end":{"line":85,"column":5}},"29":{"start":{"line":86,"column":33},"end":{"line":86,"column":75}},"30":{"start":{"line":88,"column":4},"end":{"line":94,"column":5}},"31":{"start":{"line":89,"column":6},"end":{"line":93,"column":7}},"32":{"start":{"line":90,"column":8},"end":{"line":90,"column":64}},"33":{"start":{"line":92,"column":8},"end":{"line":92,"column":30}},"34":{"start":{"line":96,"column":4},"end":{"line":99,"column":6}},"35":{"start":{"line":97,"column":6},"end":{"line":97,"column":29}},"36":{"start":{"line":98,"column":6},"end":{"line":98,"column":29}}},"fnMap":{"0":{"name":"(anonymous_0)","decl":{"start":{"line":16,"column":35},"end":{"line":16,"column":36}},"loc":{"start":{"line":16,"column":52},"end":{"line":19,"column":1}},"line":16},"1":{"name":"(anonymous_1)","decl":{"start":{"line":29,"column":2},"end":{"line":29,"column":3}},"loc":{"start":{"line":29,"column":72},"end":{"line":36,"column":3}},"line":29},"2":{"name":"(anonymous_2)","decl":{"start":{"line":38,"column":13},"end":{"line":38,"column":14}},"loc":{"start":{"line":38,"column":31},"end":{"line":42,"column":3}},"line":38},"3":{"name":"(anonymous_3)","decl":{"start":{"line":44,"column":20},"end":{"line":44,"column":21}},"loc":{"start":{"line":44,"column":69},"end":{"line":52,"column":3}},"line":44},"4":{"name":"(anonymous_4)","decl":{"start":{"line":49,"column":18},"end":{"line":49,"column":19}},"loc":{"start":{"line":50,"column":6},"end":{"line":50,"column":64}},"line":50},"5":{"name":"(anonymous_5)","decl":{"start":{"line":54,"column":27},"end":{"line":54,"column":28}},"loc":{"start":{"line":55,"column":4},"end":{"line":55,"column":63}},"line":55},"6":{"name":"(anonymous_6)","decl":{"start":{"line":57,"column":19},"end":{"line":57,"column":20}},"loc":{"start":{"line":57,"column":25},"end":{"line":78,"column":3}},"line":57},"7":{"name":"(anonymous_7)","decl":{"start":{"line":72,"column":18},"end":{"line":72,"column":19}},"loc":{"start":{"line":73,"column":6},"end":{"line":76,"column":8}},"line":73},"8":{"name":"(anonymous_8)","decl":{"start":{"line":80,"column":10},"end":{"line":80,"column":11}},"loc":{"start":{"line":80,"column":16},"end":{"line":100,"column":3}},"line":80},"9":{"name":"(anonymous_9)","decl":{"start":{"line":96,"column":11},"end":{"line":96,"column":12}},"loc":{"start":{"line":96,"column":17},"end":{"line":99,"column":5}},"line":96}},"branchMap":{"0":{"loc":{"start":{"line":18,"column":9},"end":{"line":18,"column":46}},"type":"cond-expr","locations":[{"start":{"line":18,"column":29},"end":{"line":18,"column":41}},{"start":{"line":18,"column":44},"end":{"line":18,"column":46}}],"line":18},"1":{"loc":{"start":{"line":45,"column":4},"end":{"line":47,"column":5}},"type":"if","locations":[{"start":{"line":45,"column":4},"end":{"line":47,"column":5}},{"start":{"line":45,"column":4},"end":{"line":47,"column":5}}],"line":45},"2":{"loc":{"start":{"line":55,"column":4},"end":{"line":55,"column":63}},"type":"cond-expr","locations":[{"start":{"line":55,"column":38},"end":{"line":55,"column":54}},{"start":{"line":55,"column":57},"end":{"line":55,"column":63}}],"line":55},"3":{"loc":{"start":{"line":60,"column":4},"end":{"line":62,"column":5}},"type":"if","locations":[{"start":{"line":60,"column":4},"end":{"line":62,"column":5}},{"start":{"line":60,"column":4},"end":{"line":62,"column":5}}],"line":60},"4":{"loc":{"start":{"line":60,"column":8},"end":{"line":60,"column":54}},"type":"binary-expr","locations":[{"start":{"line":60,"column":8},"end":{"line":60,"column":26}},{"start":{"line":60,"column":30},"end":{"line":60,"column":54}}],"line":60},"5":{"loc":{"start":{"line":66,"column":4},"end":{"line":68,"column":5}},"type":"if","locations":[{"start":{"line":66,"column":4},"end":{"line":68,"column":5}},{"start":{"line":66,"column":4},"end":{"line":68,"column":5}}],"line":66},"6":{"loc":{"start":{"line":69,"column":17},"end":{"line":71,"column":26}},"type":"cond-expr","locations":[{"start":{"line":70,"column":8},"end":{"line":70,"column":29}},{"start":{"line":71,"column":8},"end":{"line":71,"column":26}}],"line":69},"7":{"loc":{"start":{"line":75,"column":16},"end":{"line":75,"column":73}},"type":"cond-expr","locations":[{"start":{"line":75,"column":54},"end":{"line":75,"column":60}},{"start":{"line":75,"column":63},"end":{"line":75,"column":73}}],"line":75},"8":{"loc":{"start":{"line":88,"column":4},"end":{"line":94,"column":5}},"type":"if","locations":[{"start":{"line":88,"column":4},"end":{"line":94,"column":5}},{"start":{"line":88,"column":4},"end":{"line":94,"column":5}}],"line":88},"9":{"loc":{"start":{"line":89,"column":6},"end":{"line":93,"column":7}},"type":"if","locations":[{"start":{"line":89,"column":6},"end":{"line":93,"column":7}},{"start":{"line":89,"column":6},"end":{"line":93,"column":7}}],"line":89}},"s":{"0":1,"1":3,"2":3,"3":10,"4":10,"5":10,"6":10,"7":4,"8":4,"9":4,"10":2,"11":1,"12":1,"13":1,"14":1,"15":3,"16":5,"17":5,"18":2,"19":3,"20":3,"21":3,"22":1,"23":2,"24":2,"25":2,"26":1,"27":1,"28":1,"29":1,"30":1,"31":1,"32":0,"33":1,"34":1,"35":0,"36":0},"f":{"0":3,"1":10,"2":4,"3":2,"4":1,"5":3,"6":5,"7":2,"8":1,"9":0},"b":{"0":[0,3],"1":[1,1],"2":[1,2],"3":[2,3],"4":[5,4],"5":[1,2],"6":[0,2],"7":[0,2],"8":[1,0],"9":[0,1]},"_coverageSchema":"332fd63041d2c1bcb487cc26dd0d5f7d97098a6c","hash":"902eac4b6385d17a08a0402feeb3240350463c32"}
,"/Users/teimurgasanov/Projects/sync-query-redux/src/plain-sync/Syncer.js": {"path":"/Users/teimurgasanov/Projects/sync-query-redux/src/plain-sync/Syncer.js","statementMap":{"0":{"start":{"line":36,"column":4},"end":{"line":36,"column":29}},"1":{"start":{"line":37,"column":4},"end":{"line":37,"column":39}},"2":{"start":{"line":38,"column":4},"end":{"line":38,"column":29}},"3":{"start":{"line":39,"column":4},"end":{"line":39,"column":33}}},"fnMap":{"0":{"name":"(anonymous_0)","decl":{"start":{"line":30,"column":2},"end":{"line":30,"column":3}},"loc":{"start":{"line":35,"column":4},"end":{"line":40,"column":3}},"line":35}},"branchMap":{"0":{"loc":{"start":{"line":39,"column":19},"end":{"line":39,"column":32}},"type":"binary-expr","locations":[{"start":{"line":39,"column":19},"end":{"line":39,"column":26}},{"start":{"line":39,"column":30},"end":{"line":39,"column":32}}],"line":39}},"s":{"0":10,"1":10,"2":10,"3":10},"f":{"0":10},"b":{"0":[10,9]},"_coverageSchema":"332fd63041d2c1bcb487cc26dd0d5f7d97098a6c","hash":"7bd2cb59f942de0212d4b57b1fd719a5a71afbd4"}
}
