TN:
SF:/Users/teimurgasanov/Projects/sync-query-redux/src/plain-sync/HistoryListener.js
FN:4,(anonymous_0)
FN:9,(anonymous_1)
FN:20,(anonymous_2)
FN:27,(anonymous_3)
FN:27,(anonymous_4)
FN:46,(anonymous_5)
FN:52,(anonymous_6)
FNF:7
FNH:7
FNDA:6,(anonymous_0)
FNDA:6,(anonymous_1)
FNDA:3,(anonymous_2)
FNDA:3,(anonymous_3)
FNDA:4,(anonymous_4)
FNDA:1,(anonymous_5)
FNDA:2,(anonymous_6)
DA:4,2
DA:7,6
DA:9,2
DA:12,6
DA:21,3
DA:22,3
DA:23,3
DA:24,3
DA:27,3
DA:28,4
DA:29,4
DA:30,4
DA:35,2
DA:36,2
DA:40,2
DA:42,4
DA:43,4
DA:49,1
DA:55,2
LF:19
LH:19
BRDA:7,0,0,6
BRDA:7,0,1,1
BRDA:7,1,0,6
BRDA:7,1,1,2
BRDA:12,2,0,6
BRDA:12,2,1,1
BRDA:12,3,0,6
BRDA:12,3,1,2
BRDA:30,4,0,2
BRDA:30,4,1,2
BRDA:31,5,0,4
BRDA:31,5,1,2
BRDA:31,5,2,2
BRDA:36,6,0,2
BRDA:36,6,1,0
BRDA:37,7,0,2
BRDA:37,7,1,2
BRF:17
BRH:16
end_of_record
TN:
SF:/Users/teimurgasanov/Projects/sync-query-redux/src/plain-sync/Sync.js
FN:16,(anonymous_0)
FN:29,(anonymous_1)
FN:38,(anonymous_2)
FN:44,(anonymous_3)
FN:49,(anonymous_4)
FN:54,(anonymous_5)
FN:57,(anonymous_6)
FN:72,(anonymous_7)
FN:80,(anonymous_8)
FN:96,(anonymous_9)
FNF:10
FNH:9
FNDA:3,(anonymous_0)
FNDA:10,(anonymous_1)
FNDA:4,(anonymous_2)
FNDA:2,(anonymous_3)
FNDA:1,(anonymous_4)
FNDA:3,(anonymous_5)
FNDA:5,(anonymous_6)
FNDA:2,(anonymous_7)
FNDA:1,(anonymous_8)
FNDA:0,(anonymous_9)
DA:16,1
DA:17,3
DA:18,3
DA:30,10
DA:31,10
DA:32,10
DA:33,10
DA:39,4
DA:40,4
DA:41,4
DA:45,2
DA:46,1
DA:48,1
DA:49,1
DA:50,1
DA:55,3
DA:59,5
DA:60,5
DA:61,2
DA:64,3
DA:65,3
DA:66,3
DA:67,1
DA:69,2
DA:72,2
DA:73,2
DA:81,1
DA:82,1
DA:83,1
DA:86,1
DA:88,1
DA:89,1
DA:90,0
DA:92,1
DA:96,1
DA:97,0
DA:98,0
LF:37
LH:34
BRDA:18,0,0,0
BRDA:18,0,1,3
BRDA:45,1,0,1
BRDA:45,1,1,1
BRDA:55,2,0,1
BRDA:55,2,1,2
BRDA:60,3,0,2
BRDA:60,3,1,3
BRDA:60,4,0,5
BRDA:60,4,1,4
BRDA:66,5,0,1
BRDA:66,5,1,2
BRDA:69,6,0,0
BRDA:69,6,1,2
BRDA:75,7,0,0
BRDA:75,7,1,2
BRDA:88,8,0,1
BRDA:88,8,1,0
BRDA:89,9,0,0
BRDA:89,9,1,1
BRF:20
BRH:15
end_of_record
TN:
SF:/Users/teimurgasanov/Projects/sync-query-redux/src/plain-sync/Syncer.js
FN:30,(anonymous_0)
FNF:1
FNH:1
FNDA:10,(anonymous_0)
DA:36,10
DA:37,10
DA:38,10
DA:39,10
LF:4
LH:4
BRDA:39,0,0,10
BRDA:39,0,1,9
BRF:2
BRH:2
end_of_record
